{"/Users/saralandis/VS Code Projects/hack reactor/questions-api/database/dbCreate.js": {"path":"/Users/saralandis/VS Code Projects/hack reactor/questions-api/database/dbCreate.js","statementMap":{"0":{"start":{"line":1,"column":40},"end":{"line":1,"column":60}},"1":{"start":{"line":2,"column":0},"end":{"line":2,"column":27}},"2":{"start":{"line":4,"column":13},"end":{"line":4,"column":29}},"3":{"start":{"line":5,"column":13},"end":{"line":5,"column":29}},"4":{"start":{"line":6,"column":17},"end":{"line":6,"column":37}},"5":{"start":{"line":7,"column":17},"end":{"line":7,"column":37}},"6":{"start":{"line":8,"column":13},"end":{"line":8,"column":29}},"7":{"start":{"line":10,"column":18},"end":{"line":16,"column":2}},"8":{"start":{"line":18,"column":0},"end":{"line":24,"column":4}},"9":{"start":{"line":20,"column":4},"end":{"line":20,"column":64}},"10":{"start":{"line":23,"column":4},"end":{"line":23,"column":46}},"11":{"start":{"line":28,"column":16},"end":{"line":34,"column":4}},"12":{"start":{"line":36,"column":19},"end":{"line":48,"column":4}},"13":{"start":{"line":51,"column":17},"end":{"line":62,"column":4}},"14":{"start":{"line":64,"column":2},"end":{"line":64,"column":24}},"15":{"start":{"line":65,"column":2},"end":{"line":65,"column":26}},"16":{"start":{"line":67,"column":2},"end":{"line":67,"column":27}},"17":{"start":{"line":68,"column":2},"end":{"line":68,"column":29}},"18":{"start":{"line":70,"column":2},"end":{"line":70,"column":19}},"19":{"start":{"line":72,"column":2},"end":{"line":72,"column":44}}},"fnMap":{"0":{"name":"(anonymous_0)","decl":{"start":{"line":19,"column":9},"end":{"line":19,"column":10}},"loc":{"start":{"line":19,"column":27},"end":{"line":21,"column":3}},"line":19},"1":{"name":"(anonymous_1)","decl":{"start":{"line":22,"column":9},"end":{"line":22,"column":10}},"loc":{"start":{"line":22,"column":25},"end":{"line":24,"column":3}},"line":22}},"branchMap":{},"s":{"0":1,"1":1,"2":1,"3":1,"4":1,"5":1,"6":1,"7":1,"8":1,"9":1,"10":0,"11":1,"12":1,"13":1,"14":1,"15":1,"16":1,"17":1,"18":1,"19":1},"f":{"0":1,"1":0},"b":{},"_coverageSchema":"1a1c01bbd47fc00a2c39e90264f33305004495a9","hash":"10c3f50698e2b0d362451f04204aa6e5389fb0b2"}
,"/Users/saralandis/VS Code Projects/hack reactor/questions-api/database/index.js": {"path":"/Users/saralandis/VS Code Projects/hack reactor/questions-api/database/index.js","statementMap":{"0":{"start":{"line":1,"column":40},"end":{"line":1,"column":60}},"1":{"start":{"line":2,"column":34},"end":{"line":2,"column":58}},"2":{"start":{"line":3,"column":0},"end":{"line":3,"column":27}},"3":{"start":{"line":5,"column":13},"end":{"line":5,"column":29}},"4":{"start":{"line":6,"column":13},"end":{"line":6,"column":29}},"5":{"start":{"line":7,"column":17},"end":{"line":7,"column":37}},"6":{"start":{"line":8,"column":17},"end":{"line":8,"column":37}},"7":{"start":{"line":9,"column":13},"end":{"line":9,"column":29}},"8":{"start":{"line":11,"column":18},"end":{"line":17,"column":2}},"9":{"start":{"line":19,"column":0},"end":{"line":25,"column":4}},"10":{"start":{"line":21,"column":4},"end":{"line":21,"column":73}},"11":{"start":{"line":24,"column":4},"end":{"line":24,"column":62}},"12":{"start":{"line":30,"column":21},"end":{"line":35,"column":1}},"13":{"start":{"line":31,"column":2},"end":{"line":34,"column":8}},"14":{"start":{"line":40,"column":19},"end":{"line":45,"column":1}},"15":{"start":{"line":41,"column":2},"end":{"line":44,"column":8}},"16":{"start":{"line":54,"column":0},"end":{"line":54,"column":43}}},"fnMap":{"0":{"name":"(anonymous_0)","decl":{"start":{"line":20,"column":9},"end":{"line":20,"column":10}},"loc":{"start":{"line":20,"column":27},"end":{"line":22,"column":3}},"line":20},"1":{"name":"(anonymous_1)","decl":{"start":{"line":23,"column":9},"end":{"line":23,"column":10}},"loc":{"start":{"line":23,"column":25},"end":{"line":25,"column":3}},"line":23},"2":{"name":"(anonymous_2)","decl":{"start":{"line":30,"column":21},"end":{"line":30,"column":22}},"loc":{"start":{"line":30,"column":50},"end":{"line":35,"column":1}},"line":30},"3":{"name":"(anonymous_3)","decl":{"start":{"line":40,"column":19},"end":{"line":40,"column":20}},"loc":{"start":{"line":40,"column":49},"end":{"line":45,"column":1}},"line":40}},"branchMap":{},"s":{"0":1,"1":1,"2":1,"3":1,"4":1,"5":1,"6":1,"7":1,"8":1,"9":1,"10":1,"11":0,"12":1,"13":2,"14":1,"15":0,"16":1},"f":{"0":1,"1":0,"2":2,"3":0},"b":{},"_coverageSchema":"1a1c01bbd47fc00a2c39e90264f33305004495a9","hash":"5d21963732c2ca886be2eca09d92193ad3b44f59"}
,"/Users/saralandis/VS Code Projects/hack reactor/questions-api/server/app.js": {"path":"/Users/saralandis/VS Code Projects/hack reactor/questions-api/server/app.js","statementMap":{"0":{"start":{"line":1,"column":16},"end":{"line":1,"column":34}},"1":{"start":{"line":2,"column":12},"end":{"line":2,"column":21}},"2":{"start":{"line":3,"column":13},"end":{"line":3,"column":17}},"3":{"start":{"line":4,"column":11},"end":{"line":4,"column":42}},"4":{"start":{"line":5,"column":19},"end":{"line":5,"column":41}},"5":{"start":{"line":7,"column":0},"end":{"line":7,"column":26}},"6":{"start":{"line":10,"column":0},"end":{"line":23,"column":2}},"7":{"start":{"line":11,"column":19},"end":{"line":11,"column":39}},"8":{"start":{"line":12,"column":14},"end":{"line":12,"column":60}},"9":{"start":{"line":13,"column":13},"end":{"line":13,"column":57}},"10":{"start":{"line":15,"column":2},"end":{"line":21,"column":6}},"11":{"start":{"line":17,"column":6},"end":{"line":17,"column":37}},"12":{"start":{"line":20,"column":6},"end":{"line":20,"column":33}},"13":{"start":{"line":26,"column":0},"end":{"line":29,"column":2}},"14":{"start":{"line":27,"column":2},"end":{"line":27,"column":37}},"15":{"start":{"line":32,"column":0},"end":{"line":43,"column":2}},"16":{"start":{"line":33,"column":20},"end":{"line":33,"column":42}},"17":{"start":{"line":34,"column":14},"end":{"line":34,"column":60}},"18":{"start":{"line":35,"column":13},"end":{"line":35,"column":57}},"19":{"start":{"line":36,"column":2},"end":{"line":42,"column":6}},"20":{"start":{"line":38,"column":6},"end":{"line":38,"column":35}},"21":{"start":{"line":41,"column":6},"end":{"line":41,"column":33}},"22":{"start":{"line":46,"column":0},"end":{"line":49,"column":2}},"23":{"start":{"line":47,"column":2},"end":{"line":47,"column":37}},"24":{"start":{"line":53,"column":0},"end":{"line":56,"column":2}},"25":{"start":{"line":54,"column":2},"end":{"line":54,"column":37}},"26":{"start":{"line":59,"column":0},"end":{"line":62,"column":2}},"27":{"start":{"line":60,"column":2},"end":{"line":60,"column":37}},"28":{"start":{"line":65,"column":0},"end":{"line":68,"column":2}},"29":{"start":{"line":66,"column":2},"end":{"line":66,"column":37}},"30":{"start":{"line":71,"column":0},"end":{"line":74,"column":2}},"31":{"start":{"line":72,"column":2},"end":{"line":72,"column":37}},"32":{"start":{"line":77,"column":0},"end":{"line":80,"column":2}},"33":{"start":{"line":78,"column":2},"end":{"line":78,"column":37}},"34":{"start":{"line":82,"column":0},"end":{"line":82,"column":21}}},"fnMap":{"0":{"name":"(anonymous_0)","decl":{"start":{"line":10,"column":25},"end":{"line":10,"column":26}},"loc":{"start":{"line":10,"column":44},"end":{"line":23,"column":1}},"line":10},"1":{"name":"(anonymous_1)","decl":{"start":{"line":16,"column":11},"end":{"line":16,"column":12}},"loc":{"start":{"line":16,"column":26},"end":{"line":18,"column":5}},"line":16},"2":{"name":"(anonymous_2)","decl":{"start":{"line":19,"column":12},"end":{"line":19,"column":13}},"loc":{"start":{"line":19,"column":23},"end":{"line":21,"column":5}},"line":19},"3":{"name":"(anonymous_3)","decl":{"start":{"line":26,"column":26},"end":{"line":26,"column":27}},"loc":{"start":{"line":26,"column":45},"end":{"line":29,"column":1}},"line":26},"4":{"name":"(anonymous_4)","decl":{"start":{"line":32,"column":46},"end":{"line":32,"column":47}},"loc":{"start":{"line":32,"column":65},"end":{"line":43,"column":1}},"line":32},"5":{"name":"(anonymous_5)","decl":{"start":{"line":37,"column":11},"end":{"line":37,"column":12}},"loc":{"start":{"line":37,"column":24},"end":{"line":39,"column":5}},"line":37},"6":{"name":"(anonymous_6)","decl":{"start":{"line":40,"column":12},"end":{"line":40,"column":13}},"loc":{"start":{"line":40,"column":23},"end":{"line":42,"column":5}},"line":40},"7":{"name":"(anonymous_7)","decl":{"start":{"line":46,"column":47},"end":{"line":46,"column":48}},"loc":{"start":{"line":46,"column":66},"end":{"line":49,"column":1}},"line":46},"8":{"name":"(anonymous_8)","decl":{"start":{"line":53,"column":18},"end":{"line":53,"column":19}},"loc":{"start":{"line":53,"column":37},"end":{"line":56,"column":1}},"line":53},"9":{"name":"(anonymous_9)","decl":{"start":{"line":59,"column":46},"end":{"line":59,"column":47}},"loc":{"start":{"line":59,"column":65},"end":{"line":62,"column":1}},"line":59},"10":{"name":"(anonymous_10)","decl":{"start":{"line":65,"column":42},"end":{"line":65,"column":43}},"loc":{"start":{"line":65,"column":61},"end":{"line":68,"column":1}},"line":65},"11":{"name":"(anonymous_11)","decl":{"start":{"line":71,"column":45},"end":{"line":71,"column":46}},"loc":{"start":{"line":71,"column":64},"end":{"line":74,"column":1}},"line":71},"12":{"name":"(anonymous_12)","decl":{"start":{"line":77,"column":41},"end":{"line":77,"column":42}},"loc":{"start":{"line":77,"column":60},"end":{"line":80,"column":1}},"line":77}},"branchMap":{"0":{"loc":{"start":{"line":12,"column":14},"end":{"line":12,"column":60}},"type":"cond-expr","locations":[{"start":{"line":12,"column":31},"end":{"line":12,"column":56}},{"start":{"line":12,"column":59},"end":{"line":12,"column":60}}],"line":12},"1":{"loc":{"start":{"line":13,"column":13},"end":{"line":13,"column":57}},"type":"cond-expr","locations":[{"start":{"line":13,"column":29},"end":{"line":13,"column":53}},{"start":{"line":13,"column":56},"end":{"line":13,"column":57}}],"line":13},"2":{"loc":{"start":{"line":34,"column":14},"end":{"line":34,"column":60}},"type":"cond-expr","locations":[{"start":{"line":34,"column":31},"end":{"line":34,"column":56}},{"start":{"line":34,"column":59},"end":{"line":34,"column":60}}],"line":34},"3":{"loc":{"start":{"line":35,"column":13},"end":{"line":35,"column":57}},"type":"cond-expr","locations":[{"start":{"line":35,"column":29},"end":{"line":35,"column":53}},{"start":{"line":35,"column":56},"end":{"line":35,"column":57}}],"line":35}},"s":{"0":1,"1":1,"2":1,"3":1,"4":1,"5":1,"6":1,"7":2,"8":2,"9":2,"10":2,"11":2,"12":0,"13":1,"14":0,"15":1,"16":0,"17":0,"18":0,"19":0,"20":0,"21":0,"22":1,"23":0,"24":1,"25":0,"26":1,"27":0,"28":1,"29":0,"30":1,"31":0,"32":1,"33":0,"34":1},"f":{"0":2,"1":2,"2":0,"3":0,"4":0,"5":0,"6":0,"7":0,"8":0,"9":0,"10":0,"11":0,"12":0},"b":{"0":[0,2],"1":[0,2],"2":[0,0],"3":[0,0]},"_coverageSchema":"1a1c01bbd47fc00a2c39e90264f33305004495a9","hash":"69231270875393d78efd7254948676d63419f249"}
}
